<?xml version="1.0" encoding="UTF-8"?>
<!-- Generated by org.testng.reporters.JUnitXMLReporter -->
<testsuite hostname="DESKTOP-OUBGVRC" ignored="17" name="Test" tests="17" failures="1" timestamp="2023-01-12T17:17:56 IST" time="2936.422" errors="0">
  <testcase name="@BeforeMethod setup" time="450.938" classname="TestCases.CartPageTest">
    <failure type="org.openqa.selenium.remote.UnreachableBrowserException" message="Error communicating with the remote browser. It may have died.
Build info: version: &amp;apos;4.0.0&amp;apos;, revision: &amp;apos;3a21814679&amp;apos;
System info: host: &amp;apos;DESKTOP-OUBGVRC&amp;apos;, ip: &amp;apos;192.168.108.94&amp;apos;, os.name: &amp;apos;Windows 10&amp;apos;, os.arch: &amp;apos;amd64&amp;apos;, os.version: &amp;apos;10.0&amp;apos;, java.version: &amp;apos;1.8.0_341&amp;apos;
Driver info: org.openqa.selenium.chrome.ChromeDriver
Command: [883141d5ed20a80583116e3b9e04e32b, maximizeCurrentWindow {}]
Capabilities {acceptInsecureCerts: false, browserName: chrome, browserVersion: 108.0.5359.125, chrome: {chromedriverVersion: 108.0.5359.71 (1e0e3868ee06..., userDataDir: C:\Users\ACER\AppData\Local...}, goog:chromeOptions: {debuggerAddress: localhost:49756}, javascriptEnabled: true, networkConnectionEnabled: false, pageLoadStrategy: normal, platform: WINDOWS, platformName: WINDOWS, proxy: Proxy(), se:cdp: ws://localhost:49756/devtoo..., se:cdpVersion: 108.0.5359.125, setWindowRect: true, strictFileInteractability: false, timeouts: {implicit: 0, pageLoad: 300000, script: 30000}, unhandledPromptBehavior: dismiss and notify, webauthn:extension:credBlob: true, webauthn:extension:largeBlob: true, webauthn:virtualAuthenticators: true}
Session ID: 883141d5ed20a80583116e3b9e04e32b">
      <![CDATA[org.openqa.selenium.remote.UnreachableBrowserException: Error communicating with the remote browser. It may have died.
Build info: version: '4.0.0', revision: '3a21814679'
System info: host: 'DESKTOP-OUBGVRC', ip: '192.168.108.94', os.name: 'Windows 10', os.arch: 'amd64', os.version: '10.0', java.version: '1.8.0_341'
Driver info: org.openqa.selenium.chrome.ChromeDriver
Command: [883141d5ed20a80583116e3b9e04e32b, maximizeCurrentWindow {}]
Capabilities {acceptInsecureCerts: false, browserName: chrome, browserVersion: 108.0.5359.125, chrome: {chromedriverVersion: 108.0.5359.71 (1e0e3868ee06..., userDataDir: C:\Users\ACER\AppData\Local...}, goog:chromeOptions: {debuggerAddress: localhost:49756}, javascriptEnabled: true, networkConnectionEnabled: false, pageLoadStrategy: normal, platform: WINDOWS, platformName: WINDOWS, proxy: Proxy(), se:cdp: ws://localhost:49756/devtoo..., se:cdpVersion: 108.0.5359.125, setWindowRect: true, strictFileInteractability: false, timeouts: {implicit: 0, pageLoad: 300000, script: 30000}, unhandledPromptBehavior: dismiss and notify, webauthn:extension:credBlob: true, webauthn:extension:largeBlob: true, webauthn:virtualAuthenticators: true}
Session ID: 883141d5ed20a80583116e3b9e04e32b
at org.openqa.selenium.remote.RemoteWebDriver.execute(RemoteWebDriver.java:583)
at org.openqa.selenium.remote.RemoteWebDriver.execute(RemoteWebDriver.java:614)
at org.openqa.selenium.remote.RemoteWebDriver.execute(RemoteWebDriver.java:618)
at org.openqa.selenium.remote.RemoteWebDriver$RemoteWebDriverOptions$RemoteWindow.maximize(RemoteWebDriver.java:928)
at Base.TestBase.initalization(TestBase.java:17)
at TestCases.CartPageTest.setup(CartPageTest.java:22)
at java.util.ArrayList.forEach(Unknown Source)
Caused by: java.lang.RuntimeException: NettyHttpHandler request execution error
at org.openqa.selenium.remote.http.netty.NettyHttpHandler.makeCall(NettyHttpHandler.java:83)
at org.openqa.selenium.remote.http.AddSeleniumUserAgent.lambda$apply$0(AddSeleniumUserAgent.java:42)
at org.openqa.selenium.remote.http.Filter.lambda$andFinally$1(Filter.java:56)
at org.openqa.selenium.remote.http.netty.NettyHttpHandler.execute(NettyHttpHandler.java:51)
at org.openqa.selenium.remote.http.AddSeleniumUserAgent.lambda$apply$0(AddSeleniumUserAgent.java:42)
at org.openqa.selenium.remote.http.Filter.lambda$andFinally$1(Filter.java:56)
at org.openqa.selenium.remote.http.netty.NettyClient.execute(NettyClient.java:119)
at org.openqa.selenium.remote.HttpCommandExecutor.execute(HttpCommandExecutor.java:181)
at org.openqa.selenium.remote.service.DriverCommandExecutor.invokeExecute(DriverCommandExecutor.java:164)
at org.openqa.selenium.remote.service.DriverCommandExecutor.execute(DriverCommandExecutor.java:139)
at org.openqa.selenium.remote.RemoteWebDriver.execute(RemoteWebDriver.java:559)
... 37 more
Caused by: java.util.concurrent.ExecutionException: java.util.concurrent.TimeoutException: Request timeout to localhost/127.0.0.1:63466 after 180000 ms
at java.util.concurrent.CompletableFuture.reportGet(Unknown Source)
at java.util.concurrent.CompletableFuture.get(Unknown Source)
at org.asynchttpclient.netty.NettyResponseFuture.get(NettyResponseFuture.java:206)
at org.openqa.selenium.remote.http.netty.NettyHttpHandler.makeCall(NettyHttpHandler.java:66)
... 47 more
Caused by: java.util.concurrent.TimeoutException: Request timeout to localhost/127.0.0.1:63466 after 180000 ms
at org.asynchttpclient.netty.timeout.TimeoutTimerTask.expire(TimeoutTimerTask.java:43)
at org.asynchttpclient.netty.timeout.RequestTimeoutTimerTask.run(RequestTimeoutTimerTask.java:50)
at io.netty.util.HashedWheelTimer$HashedWheelTimeout.expire(HashedWheelTimer.java:669)
at io.netty.util.HashedWheelTimer$HashedWheelBucket.expireTimeouts(HashedWheelTimer.java:744)
at io.netty.util.HashedWheelTimer$Worker.run(HashedWheelTimer.java:469)
at io.netty.util.concurrent.FastThreadLocalRunnable.run(FastThreadLocalRunnable.java:30)
at java.lang.Thread.run(Unknown Source)
... Removed 31 stack frames]]>
    </failure>
  </testcase> <!-- @BeforeMethod setup -->
  <testcase name="@AfterMethod CloseBrowser" time="-1.673521595491E9" classname="TestCases.CartPageTest">
    <skipped/>
  </testcase> <!-- @AfterMethod CloseBrowser -->
  <testcase name="@BeforeMethod setup" time="-1.673521596072E9" classname="TestCases.CartPageTest">
    <skipped/>
  </testcase> <!-- @BeforeMethod setup -->
  <testcase name="@AfterMethod CloseBrowser" time="-1.673521597173E9" classname="TestCases.CartPageTest">
    <skipped/>
  </testcase> <!-- @AfterMethod CloseBrowser -->
  <testcase name="@BeforeMethod setup" time="-1.6735215976E9" classname="TestCases.CartPageTest">
    <skipped/>
  </testcase> <!-- @BeforeMethod setup -->
  <testcase name="@AfterMethod CloseBrowser" time="-1.673521599026E9" classname="TestCases.CartPageTest">
    <skipped/>
  </testcase> <!-- @AfterMethod CloseBrowser -->
  <testcase name="@BeforeMethod setup" time="-1.673521599746E9" classname="TestCases.CartPageTest">
    <skipped/>
  </testcase> <!-- @BeforeMethod setup -->
  <testcase name="@AfterMethod CloseBrowser" time="-1.67352160206E9" classname="TestCases.CartPageTest">
    <skipped/>
  </testcase> <!-- @AfterMethod CloseBrowser -->
  <testcase name="@BeforeMethod setup" time="-1.673521603537E9" classname="TestCases.CartPageTest">
    <skipped/>
  </testcase> <!-- @BeforeMethod setup -->
  <testcase name="@AfterMethod CloseBrowser" time="-1.673521604819E9" classname="TestCases.CartPageTest">
    <skipped/>
  </testcase> <!-- @AfterMethod CloseBrowser -->
  <testcase name="@BeforeMethod setup" time="157.242" classname="TestCases.LoginPageTest">
    <failure type="org.openqa.selenium.SessionNotCreatedException" message="Could not start a new session. Response code 500. Message: unknown error: DevToolsActivePort file doesn&amp;apos;t exist
Build info: version: &amp;apos;4.0.0&amp;apos;, revision: &amp;apos;3a21814679&amp;apos;
System info: host: &amp;apos;DESKTOP-OUBGVRC&amp;apos;, ip: &amp;apos;192.168.108.94&amp;apos;, os.name: &amp;apos;Windows 10&amp;apos;, os.arch: &amp;apos;amd64&amp;apos;, os.version: &amp;apos;10.0&amp;apos;, java.version: &amp;apos;1.8.0_341&amp;apos;
Driver info: org.openqa.selenium.chrome.ChromeDriver
Command: [null, newSession {capabilities=[Capabilities {browserName: chrome, goog:chromeOptions: {args: [], extensions: []}}], desiredCapabilities=Capabilities {browserName: chrome, goog:chromeOptions: {args: [], extensions: []}}}]">
      <![CDATA[org.openqa.selenium.SessionNotCreatedException: Could not start a new session. Response code 500. Message: unknown error: DevToolsActivePort file doesn't exist
Build info: version: '4.0.0', revision: '3a21814679'
System info: host: 'DESKTOP-OUBGVRC', ip: '192.168.108.94', os.name: 'Windows 10', os.arch: 'amd64', os.version: '10.0', java.version: '1.8.0_341'
Driver info: org.openqa.selenium.chrome.ChromeDriver
Command: [null, newSession {capabilities=[Capabilities {browserName: chrome, goog:chromeOptions: {args: [], extensions: []}}], desiredCapabilities=Capabilities {browserName: chrome, goog:chromeOptions: {args: [], extensions: []}}}]
at org.openqa.selenium.remote.ProtocolHandshake.createSession(ProtocolHandshake.java:126)
at org.openqa.selenium.remote.ProtocolHandshake.createSession(ProtocolHandshake.java:84)
at org.openqa.selenium.remote.ProtocolHandshake.createSession(ProtocolHandshake.java:62)
at org.openqa.selenium.remote.HttpCommandExecutor.execute(HttpCommandExecutor.java:156)
at org.openqa.selenium.remote.service.DriverCommandExecutor.invokeExecute(DriverCommandExecutor.java:164)
at org.openqa.selenium.remote.service.DriverCommandExecutor.execute(DriverCommandExecutor.java:139)
at org.openqa.selenium.remote.RemoteWebDriver.execute(RemoteWebDriver.java:559)
at org.openqa.selenium.remote.RemoteWebDriver.startSession(RemoteWebDriver.java:246)
at org.openqa.selenium.remote.RemoteWebDriver.<init>(RemoteWebDriver.java:168)
at org.openqa.selenium.chromium.ChromiumDriver.<init>(ChromiumDriver.java:108)
at org.openqa.selenium.chrome.ChromeDriver.<init>(ChromeDriver.java:104)
at org.openqa.selenium.chrome.ChromeDriver.<init>(ChromeDriver.java:91)
at org.openqa.selenium.chrome.ChromeDriver.<init>(ChromeDriver.java:46)
at Base.TestBase.initalization(TestBase.java:16)
at TestCases.LoginPageTest.setup(LoginPageTest.java:25)
at java.util.ArrayList.forEach(Unknown Source)
... Removed 31 stack frames]]>
    </failure>
  </testcase> <!-- @BeforeMethod setup -->
  <testcase name="@AfterMethod CloseBrowser" time="35.113" classname="TestCases.LoginPageTest">
    <failure type="org.openqa.selenium.WebDriverException" message="disconnected: unable to connect to renderer
  (failed to check if window was closed: disconnected: unable to connect to renderer)
  (Session info: chrome=108.0.5359.125)
Build info: version: &amp;apos;4.0.0&amp;apos;, revision: &amp;apos;3a21814679&amp;apos;
System info: host: &amp;apos;DESKTOP-OUBGVRC&amp;apos;, ip: &amp;apos;192.168.108.94&amp;apos;, os.name: &amp;apos;Windows 10&amp;apos;, os.arch: &amp;apos;amd64&amp;apos;, os.version: &amp;apos;10.0&amp;apos;, java.version: &amp;apos;1.8.0_341&amp;apos;
Driver info: org.openqa.selenium.chrome.ChromeDriver
Command: [883141d5ed20a80583116e3b9e04e32b, close {}]
Capabilities {acceptInsecureCerts: false, browserName: chrome, browserVersion: 108.0.5359.125, chrome: {chromedriverVersion: 108.0.5359.71 (1e0e3868ee06..., userDataDir: C:\Users\ACER\AppData\Local...}, goog:chromeOptions: {debuggerAddress: localhost:49756}, javascriptEnabled: true, networkConnectionEnabled: false, pageLoadStrategy: normal, platform: WINDOWS, platformName: WINDOWS, proxy: Proxy(), se:cdp: ws://localhost:49756/devtoo..., se:cdpVersion: 108.0.5359.125, setWindowRect: true, strictFileInteractability: false, timeouts: {implicit: 0, pageLoad: 300000, script: 30000}, unhandledPromptBehavior: dismiss and notify, webauthn:extension:credBlob: true, webauthn:extension:largeBlob: true, webauthn:virtualAuthenticators: true}
Session ID: 883141d5ed20a80583116e3b9e04e32b">
      <![CDATA[org.openqa.selenium.WebDriverException: disconnected: unable to connect to renderer
  (failed to check if window was closed: disconnected: unable to connect to renderer)
  (Session info: chrome=108.0.5359.125)
Build info: version: '4.0.0', revision: '3a21814679'
System info: host: 'DESKTOP-OUBGVRC', ip: '192.168.108.94', os.name: 'Windows 10', os.arch: 'amd64', os.version: '10.0', java.version: '1.8.0_341'
Driver info: org.openqa.selenium.chrome.ChromeDriver
Command: [883141d5ed20a80583116e3b9e04e32b, close {}]
Capabilities {acceptInsecureCerts: false, browserName: chrome, browserVersion: 108.0.5359.125, chrome: {chromedriverVersion: 108.0.5359.71 (1e0e3868ee06..., userDataDir: C:\Users\ACER\AppData\Local...}, goog:chromeOptions: {debuggerAddress: localhost:49756}, javascriptEnabled: true, networkConnectionEnabled: false, pageLoadStrategy: normal, platform: WINDOWS, platformName: WINDOWS, proxy: Proxy(), se:cdp: ws://localhost:49756/devtoo..., se:cdpVersion: 108.0.5359.125, setWindowRect: true, strictFileInteractability: false, timeouts: {implicit: 0, pageLoad: 300000, script: 30000}, unhandledPromptBehavior: dismiss and notify, webauthn:extension:credBlob: true, webauthn:extension:largeBlob: true, webauthn:virtualAuthenticators: true}
Session ID: 883141d5ed20a80583116e3b9e04e32b
at org.openqa.selenium.remote.codec.w3c.W3CHttpResponseCodec.createException(W3CHttpResponseCodec.java:200)
at org.openqa.selenium.remote.codec.w3c.W3CHttpResponseCodec.decode(W3CHttpResponseCodec.java:133)
at org.openqa.selenium.remote.codec.w3c.W3CHttpResponseCodec.decode(W3CHttpResponseCodec.java:53)
at org.openqa.selenium.remote.HttpCommandExecutor.execute(HttpCommandExecutor.java:184)
at org.openqa.selenium.remote.service.DriverCommandExecutor.invokeExecute(DriverCommandExecutor.java:164)
at org.openqa.selenium.remote.service.DriverCommandExecutor.execute(DriverCommandExecutor.java:139)
at org.openqa.selenium.remote.RemoteWebDriver.execute(RemoteWebDriver.java:559)
at org.openqa.selenium.remote.RemoteWebDriver.execute(RemoteWebDriver.java:614)
at org.openqa.selenium.remote.RemoteWebDriver.execute(RemoteWebDriver.java:618)
at org.openqa.selenium.remote.RemoteWebDriver.close(RemoteWebDriver.java:444)
at TestCases.LoginPageTest.CloseBrowser(LoginPageTest.java:81)
at java.util.ArrayList.forEach(Unknown Source)
... Removed 36 stack frames]]>
    </failure>
  </testcase> <!-- @AfterMethod CloseBrowser -->
  <testcase name="verifyCheckOutButtonTest" time="0.0" classname="TestCases.CartPageTest">
    <skipped/>
  </testcase> <!-- verifyCheckOutButtonTest -->
  <testcase name="verifyDescriptionTextTest" time="0.0" classname="TestCases.CartPageTest">
    <skipped/>
  </testcase> <!-- verifyDescriptionTextTest -->
  <testcase name="verifyImgBootTest" time="0.0" classname="TestCases.CartPageTest">
    <skipped/>
  </testcase> <!-- verifyImgBootTest -->
  <testcase name="verifyQuantityTextTest" time="0.001" classname="TestCases.CartPageTest">
    <skipped/>
  </testcase> <!-- verifyQuantityTextTest -->
  <testcase name="verifyYourCartTextTest" time="0.0" classname="TestCases.CartPageTest">
    <skipped/>
  </testcase> <!-- verifyYourCartTextTest -->
  <testcase name="verifyLoginLogoTest" time="0.0" classname="TestCases.LoginPageTest">
    <skipped/>
  </testcase> <!-- verifyLoginLogoTest -->
  <testcase name="verifyCancleButtonTest" time="3.569" classname="TestCases.CheckoutInformationPageTest"/>
  <testcase name="verifyCheckoutLoginTest" time="16.123" classname="TestCases.CheckoutInformationPageTest"/>
  <testcase name="verifyBackButtonTextTest" time="17.781" classname="TestCases.CheckoutCompletePageTest"/>
  <testcase name="verifyCheckoutCompleteTextTest" time="0.85" classname="TestCases.CheckoutCompletePageTest"/>
  <testcase name="verifyImgTest" time="2.0" classname="TestCases.CheckoutCompletePageTest"/>
  <testcase name="verifyThankuTextTest" time="3.043" classname="TestCases.CheckoutCompletePageTest"/>
  <testcase name="verifyCancelButnTest" time="21.502" classname="TestCases.CheckoutOverviewTest"/>
  <testcase name="verifyDescriptionTextTest" time="1.683" classname="TestCases.CheckoutOverviewTest"/>
  <testcase name="verifyFinishButnTest" time="3.15" classname="TestCases.CheckoutOverviewTest"/>
  <testcase name="verifyQuntyTextTest" time="1.24" classname="TestCases.CheckoutOverviewTest"/>
  <testcase name="verifyURLTest" time="0.376" classname="TestCases.InventaryPageTest">
    <failure type="java.lang.AssertionError" message="The following asserts failed:
	expected [true] but found [https://www.saucedemo.com/inventory.html]">
      <![CDATA[java.lang.AssertionError: The following asserts failed:
expected [true] but found [https://www.saucedemo.com/inventory.html]
at TestCases.InventaryPageTest.verifyURLTest(InventaryPageTest.java:50)
at java.util.ArrayList.forEach(Unknown Source)
... Removed 29 stack frames]]>
    </failure>
  </testcase> <!-- verifyURLTest -->
  <testcase name="verifyCurrentURLTest" time="0.0" classname="TestCases.LoginPageTest">
    <ignored/>
  </testcase> <!-- verifyCurrentURLTest -->
  <testcase name="verifyCheckoutInformationTextTest" time="0.0" classname="TestCases.CheckoutInformationPageTest">
    <ignored/>
  </testcase> <!-- verifyCheckoutInformationTextTest -->
  <testcase name="verifyLoginAppTest" time="0.0" classname="TestCases.LoginPageTest">
    <ignored/>
  </testcase> <!-- verifyLoginAppTest -->
  <testcase name="verifyPeekImgTest" time="0.0" classname="TestCases.InventaryPageTest">
    <ignored/>
  </testcase> <!-- verifyPeekImgTest -->
  <testcase name="verifyLinkedLogoTest" time="0.0" classname="TestCases.InventaryPageTest">
    <ignored/>
  </testcase> <!-- verifyLinkedLogoTest -->
  <testcase name="verifyCartLogingTest" time="0.0" classname="TestCases.InventaryPageTest">
    <ignored/>
  </testcase> <!-- verifyCartLogingTest -->
  <testcase name="verifyCheckoutOverviewTextTest" time="0.0" classname="TestCases.CheckoutOverviewTest">
    <ignored/>
  </testcase> <!-- verifyCheckoutOverviewTextTest -->
  <testcase name="verifyTitleTest" time="0.0" classname="TestCases.LoginPageTest">
    <ignored/>
  </testcase> <!-- verifyTitleTest -->
  <testcase name="verifyFacebookLogoTest" time="0.0" classname="TestCases.InventaryPageTest">
    <ignored/>
  </testcase> <!-- verifyFacebookLogoTest -->
  <testcase name="verifyAddCartTest" time="0.0" classname="TestCases.InventaryPageTest">
    <ignored/>
  </testcase> <!-- verifyAddCartTest -->
  <testcase name="verifyProductTextTest" time="0.0" classname="TestCases.InventaryPageTest">
    <ignored/>
  </testcase> <!-- verifyProductTextTest -->
  <testcase name="verifyBotLogoTest" time="0.0" classname="TestCases.LoginPageTest">
    <ignored/>
  </testcase> <!-- verifyBotLogoTest -->
  <testcase name="verifySelectListTest" time="0.0" classname="TestCases.InventaryPageTest">
    <ignored/>
  </testcase> <!-- verifySelectListTest -->
  <testcase name="verifyTwiterLogoTest" time="0.0" classname="TestCases.InventaryPageTest">
    <ignored/>
  </testcase> <!-- verifyTwiterLogoTest -->
  <testcase name="verifyURLTest" time="0.0" classname="TestCases.CheckoutInformationPageTest">
    <ignored/>
  </testcase> <!-- verifyURLTest -->
  <testcase name="verifyTitleTest" time="0.0" classname="TestCases.InventaryPageTest">
    <ignored/>
  </testcase> <!-- verifyTitleTest -->
  <testcase name="verifyCartTest" time="0.0" classname="TestCases.InventaryPageTest">
    <ignored/>
  </testcase> <!-- verifyCartTest -->
</testsuite> <!-- Test -->
